This is XeTeX, Version 3.141592653-2.6-0.999993 (TeX Live 2021) (preloaded format=xelatex 2021.5.12)  17 MAY 2021 11:43
entering extended mode
 restricted \write18 enabled.
 %&-line parsing enabled.
**ucas_zh.tex
(./ucas_zh.tex
LaTeX2e <2020-10-01> patch level 4
L3 programming layer <2021-05-07> (./Style/ucasthesis.cls

LaTeX Warning: You have requested document class `Style/ucasthesis',
               but the document class provides `ucasthesis'.

Document Class: ucasthesis 2014/10/01 v1.0 LaTeX document class
(/Users/copperfield/Library/TinyTeX/texmf-dist/tex/latex/ctex/ctexbook.cls
(/Users/copperfield/Library/TinyTeX/texmf-dist/tex/latex/ctex/config/ctexbacken
d.cfg
File: ctexbackend.cfg 2021/03/14 v2.5.6 Backend configuration file (CTEX)
) (/Users/copperfield/Library/TinyTeX/texmf-dist/tex/latex/l3kernel/expl3.sty
Package: expl3 2021-05-07 L3 programming layer (loader) 

(/Users/copperfield/Library/TinyTeX/texmf-dist/tex/latex/l3backend/l3backend-xe
tex.def
File: l3backend-xetex.def 2021-05-07 L3 backend support: XeTeX
(|extractbb --version)
\c__kernel_sys_dvipdfmx_version_int=\count175
\l__color_backend_stack_int=\count176
\g__color_backend_stack_int=\count177
\g__graphics_track_int=\count178
\l__pdf_internal_box=\box47
\g__pdf_backend_object_int=\count179
\g__pdf_backend_annotation_int=\count180
\g__pdf_backend_link_int=\count181
))
Document Class: ctexbook 2021/03/14 v2.5.6 Chinese adapter for class book (CTEX
)

(/Users/copperfield/Library/TinyTeX/texmf-dist/tex/latex/l3packages/xparse/xpar
se.sty
(/Users/copperfield/Library/TinyTeX/texmf-dist/tex/latex/l3packages/xparse/xpar
se-2020-10-01.sty
(/Users/copperfield/Library/TinyTeX/texmf-dist/tex/latex/l3packages/xparse/xpar
se-generic.tex)))
(/Users/copperfield/Library/TinyTeX/texmf-dist/tex/latex/l3packages/l3keys2e/l3
keys2e.sty
Package: l3keys2e 2021-05-07 LaTeX2e option processing using LaTeX3 keys
) (/Users/copperfield/Library/TinyTeX/texmf-dist/tex/latex/ctex/ctexhook.sty
Package: ctexhook 2021/03/14 v2.5.6 Document and package hooks (CTEX)
) (/Users/copperfield/Library/TinyTeX/texmf-dist/tex/latex/ctex/ctexpatch.sty
Package: ctexpatch 2021/03/14 v2.5.6 Patching commands (CTEX)
) (/Users/copperfield/Library/TinyTeX/texmf-dist/tex/latex/base/fix-cm.sty
Package: fix-cm 2015/01/14 v1.1t fixes to LaTeX
(/Users/copperfield/Library/TinyTeX/texmf-dist/tex/latex/base/ts1enc.def
File: ts1enc.def 2001/06/05 v3.0e (jk/car/fm) Standard LaTeX file
LaTeX Font Info:    Redeclaring font encoding TS1 on input line 47.
)) (/Users/copperfield/Library/TinyTeX/texmf-dist/tex/latex/everysel/everysel.s
ty
Package: everysel 2021/01/20 v2.1 EverySelectfont Package (MS)

(/Users/copperfield/Library/TinyTeX/texmf-dist/tex/latex/everysel/everysel-2011
-10-28.sty))
\l__ctex_tmp_int=\count182
\l__ctex_tmp_box=\box48
\l__ctex_tmp_dim=\dimen138
\g__ctex_section_depth_int=\count183
\g__ctex_font_size_int=\count184

(/Users/copperfield/Library/TinyTeX/texmf-dist/tex/latex/ctex/config/ctexopts.c
fg
File: ctexopts.cfg 2021/03/14 v2.5.6 Option configuration file (CTEX)
) (/Users/copperfield/Library/TinyTeX/texmf-dist/tex/latex/base/book.cls
Document Class: book 2020/04/10 v1.4m Standard LaTeX document class
(/Users/copperfield/Library/TinyTeX/texmf-dist/tex/latex/base/bk12.clo
File: bk12.clo 2020/04/10 v1.4m Standard LaTeX file (size option)
)
\c@part=\count185
\c@chapter=\count186
\c@section=\count187
\c@subsection=\count188
\c@subsubsection=\count189
\c@paragraph=\count190
\c@subparagraph=\count191
\c@figure=\count192
\c@table=\count193
\abovecaptionskip=\skip47
\belowcaptionskip=\skip48
\bibindent=\dimen139
)
(/Users/copperfield/Library/TinyTeX/texmf-dist/tex/latex/ctex/engine/ctex-engin
e-xetex.def
File: ctex-engine-xetex.def 2021/03/14 v2.5.6 XeLaTeX adapter (CTEX)
(/Users/copperfield/Library/TinyTeX/texmf-dist/tex/xelatex/xecjk/xeCJK.sty
Package: xeCJK 2020/10/19 v3.8.6 Typesetting CJK scripts with XeLaTeX

(/Users/copperfield/Library/TinyTeX/texmf-dist/tex/latex/l3packages/xtemplate/x
template.sty
Package: xtemplate 2021-05-07 L3 Experimental prototype document functions
\l__xtemplate_tmp_dim=\dimen140
\l__xtemplate_tmp_int=\count194
\l__xtemplate_tmp_muskip=\muskip16
\l__xtemplate_tmp_skip=\skip49
)
\l__xeCJK_tmp_int=\count195
\l__xeCJK_tmp_box=\box49
\l__xeCJK_tmp_dim=\dimen141
\l__xeCJK_tmp_skip=\skip50
\g__xeCJK_space_factor_int=\count196
\l__xeCJK_begin_int=\count197
\l__xeCJK_end_int=\count198
\c__xeCJK_CJK_class_int=\XeTeXcharclass1
\c__xeCJK_FullLeft_class_int=\XeTeXcharclass2
\c__xeCJK_FullRight_class_int=\XeTeXcharclass3
\c__xeCJK_HalfLeft_class_int=\XeTeXcharclass4
\c__xeCJK_HalfRight_class_int=\XeTeXcharclass5
\c__xeCJK_NormalSpace_class_int=\XeTeXcharclass6
\c__xeCJK_CM_class_int=\XeTeXcharclass7
\c__xeCJK_HangulJamo_class_int=\XeTeXcharclass8
\l__xeCJK_last_skip=\skip51
\g__xeCJK_node_int=\count199
\c__xeCJK_CJK_node_dim=\dimen142
\c__xeCJK_CJK-space_node_dim=\dimen143
\c__xeCJK_default_node_dim=\dimen144
\c__xeCJK_default-space_node_dim=\dimen145
\c__xeCJK_CJK-widow_node_dim=\dimen146
\c__xeCJK_normalspace_node_dim=\dimen147
\l__xeCJK_ccglue_skip=\skip52
\l__xeCJK_ecglue_skip=\skip53
\l__xeCJK_punct_kern_skip=\skip54
\l__xeCJK_last_penalty_int=\count266
\l__xeCJK_last_bound_dim=\dimen148
\l__xeCJK_last_kern_dim=\dimen149
\l__xeCJK_widow_penalty_int=\count267

Package xtemplate Info: Declaring object type 'xeCJK/punctuation' taking 0
(xtemplate)             argument(s) on line 2341.

\l__xeCJK_fixed_punct_width_dim=\dimen150
\l__xeCJK_mixed_punct_width_dim=\dimen151
\l__xeCJK_middle_punct_width_dim=\dimen152
\l__xeCJK_fixed_margin_width_dim=\dimen153
\l__xeCJK_mixed_margin_width_dim=\dimen154
\l__xeCJK_middle_margin_width_dim=\dimen155
\l__xeCJK_bound_punct_width_dim=\dimen156
\l__xeCJK_bound_margin_width_dim=\dimen157
\l__xeCJK_margin_minimum_dim=\dimen158
\l__xeCJK_kerning_total_width_dim=\dimen159
\l__xeCJK_same_align_margin_dim=\dimen160
\l__xeCJK_different_align_margin_dim=\dimen161
\l__xeCJK_kerning_margin_width_dim=\dimen162
\l__xeCJK_kerning_margin_minimum_dim=\dimen163
\l__xeCJK_bound_dim=\dimen164
\l__xeCJK_reverse_bound_dim=\dimen165
\l__xeCJK_margin_dim=\dimen166
\l__xeCJK_minimum_bound_dim=\dimen167
\l__xeCJK_kerning_margin_dim=\dimen168
\g__xeCJK_family_int=\count268
\l__xeCJK_fam_int=\count269
\g__xeCJK_fam_allocation_int=\count270
\l__xeCJK_verb_case_int=\count271
\l__xeCJK_verb_exspace_skip=\skip55
(/Users/copperfield/Library/TinyTeX/texmf-dist/tex/latex/fontspec/fontspec.sty
Package: fontspec 2020/02/21 v2.7i Font selection for XeLaTeX and LuaLaTeX

(/Users/copperfield/Library/TinyTeX/texmf-dist/tex/latex/fontspec/fontspec-xete
x.sty
Package: fontspec-xetex 2020/02/21 v2.7i Font selection for XeLaTeX and LuaLaTe
X
\l__fontspec_script_int=\count272
\l__fontspec_language_int=\count273
\l__fontspec_strnum_int=\count274
\l__fontspec_tmp_int=\count275
\l__fontspec_tmpa_int=\count276
\l__fontspec_tmpb_int=\count277
\l__fontspec_tmpc_int=\count278
\l__fontspec_em_int=\count279
\l__fontspec_emdef_int=\count280
\l__fontspec_strong_int=\count281
\l__fontspec_strongdef_int=\count282
\l__fontspec_tmpa_dim=\dimen169
\l__fontspec_tmpb_dim=\dimen170
\l__fontspec_tmpc_dim=\dimen171
(/Users/copperfield/Library/TinyTeX/texmf-dist/tex/latex/base/fontenc.sty
Package: fontenc 2020/08/10 v2.0s Standard LaTeX package
) (/Users/copperfield/Library/TinyTeX/texmf-dist/tex/latex/fontspec/fontspec.cf
g))) (/Users/copperfield/Library/TinyTeX/texmf-dist/tex/xelatex/xecjk/xeCJK.cfg
File: xeCJK.cfg 2020/10/19 v3.8.6 Configuration file for xeCJK package
))
\ccwd=\dimen172
\l__ctex_ccglue_skip=\skip56
)
\l__ctex_ziju_dim=\dimen173
(/Users/copperfield/Library/TinyTeX/texmf-dist/tex/latex/zhnumber/zhnumber.sty
Package: zhnumber 2020/05/01 v2.8 Typesetting numbers with Chinese glyphs
\l__zhnum_scale_int=\count283

(/Users/copperfield/Library/TinyTeX/texmf-dist/tex/latex/zhnumber/zhnumber-utf8
.cfg
File: zhnumber-utf8.cfg 2020/05/01 v2.8 Chinese numerals with UTF8 encoding
))
\l__ctex_heading_skip=\skip57

(/Users/copperfield/Library/TinyTeX/texmf-dist/tex/latex/ctex/scheme/ctex-schem
e-chinese-book.def
File: ctex-scheme-chinese-book.def 2021/03/14 v2.5.6 Chinese scheme for book (C
TEX)

(/Users/copperfield/Library/TinyTeX/texmf-dist/tex/latex/ctex/config/ctex-name-
utf8.cfg
File: ctex-name-utf8.cfg 2021/03/14 v2.5.6 Caption with encoding UTF-8 (CTEX)
)) (/Users/copperfield/Library/TinyTeX/texmf-dist/tex/latex/ctex/ctex-cs4size.c
lo
File: ctex-cs4size.clo 2021/03/14 v2.5.6 cs4size option (CTEX)
)
(/Users/copperfield/Library/TinyTeX/texmf-dist/tex/latex/ctex/fontset/ctex-font
set-mac.def
File: ctex-fontset-mac.def 2021/03/14 v2.5.6 macOS fonts definition (CTEX)

(/Users/copperfield/Library/TinyTeX/texmf-dist/tex/latex/ctex/fontset/ctex-font
set-macnew.def
File: ctex-fontset-macnew.def 2021/03/14 v2.5.6 macOS fonts definition for El C
apitan or later version (CTEX)

Package fontspec Warning: Font "Songti SC Light" does not contain requested
(fontspec)                Script "CJK".


Package fontspec Info: Font family 'SongtiSCLight(0)' created for font 'Songti
(fontspec)             SC Light' with options
(fontspec)             [Script={CJK},BoldItalicFont={Kaiti SC
(fontspec)             Bold},BoldFont={Songti SC Bold},ItalicFont={Kaiti SC}].
(fontspec)              
(fontspec)              This font family consists of the following NFSS
(fontspec)             series/shapes:
(fontspec)              
(fontspec)             - 'normal' (m/n) with NFSS spec.: <->"Songti SC
(fontspec)             Light/OT:language=dflt;"
(fontspec)             - 'small caps'  (m/sc) with NFSS spec.: 
(fontspec)             - 'bold' (b/n) with NFSS spec.: <->"Songti SC
(fontspec)             Bold/OT:language=dflt;"
(fontspec)             - 'bold small caps'  (b/sc) with NFSS spec.: 
(fontspec)             - 'italic' (m/it) with NFSS spec.: <->"Kaiti
(fontspec)             SC/OT:language=dflt;"
(fontspec)             - 'italic small caps'  (m/scit) with NFSS spec.: 
(fontspec)             - 'bold italic' (b/it) with NFSS spec.: <->"Kaiti SC
(fontspec)             Bold/OT:language=dflt;"
(fontspec)             - 'bold italic small caps'  (b/scit) with NFSS spec.: 

))) (/Users/copperfield/Library/TinyTeX/texmf-dist/tex/latex/ctex/config/ctex.c
fg
File: ctex.cfg 2021/03/14 v2.5.6 Configuration file (CTEX)
) (/Users/copperfield/Library/TinyTeX/texmf-dist/tex/generic/iftex/ifxetex.sty
Package: ifxetex 2019/10/25 v0.7 ifxetex legacy package. Use iftex instead.
(/Users/copperfield/Library/TinyTeX/texmf-dist/tex/generic/iftex/iftex.sty
Package: iftex 2020/03/06 v1.0d TeX engine tests
)) (/Users/copperfield/Library/TinyTeX/texmf-dist/tex/latex/etoolbox/etoolbox.s
ty
Package: etoolbox 2020/10/05 v2.5k e-TeX tools for LaTeX (JAW)
\etb@tempcnta=\count284
)

! LaTeX Error: Command \uline undefined.

See the LaTeX manual or LaTeX Companion for explanation.
Type  H <return>  for immediate help.
 ...                                              
                                                  
l.123     \renewcommand{\uline}
                               [1]{\CJKunderline{#1}}% unified name 
Here is how much of TeX's memory you used:
 6819 strings out of 478774
 198889 string characters out of 5863328
 526784 words of memory out of 5000000
 26785 multiletter control sequences out of 15000+600000
 403510 words of font info for 37 fonts, out of 8000000 for 9000
 14 hyphenation exceptions out of 8191
 102i,0n,112p,599b,241s stack positions out of 5000i,500n,10000p,200000b,80000s

No pages of output.
